[debug] [2023-03-13T21:33:58.357Z] ----------------------------------------------------------------------
[debug] [2023-03-13T21:33:58.358Z] Command:       /usr/local/bin/node /usr/local/bin/firebase init
[debug] [2023-03-13T21:33:58.359Z] CLI Version:   11.24.1
[debug] [2023-03-13T21:33:58.359Z] Platform:      darwin
[debug] [2023-03-13T21:33:58.359Z] Node Version:  v18.10.0
[debug] [2023-03-13T21:33:58.360Z] Time:          Mon Mar 13 2023 22:33:58 GMT+0100 (Central European Standard Time)
[debug] [2023-03-13T21:33:58.360Z] ----------------------------------------------------------------------
[debug] 
[debug] [2023-03-13T21:33:58.366Z] > command requires scopes: ["email","openid","https://www.googleapis.com/auth/cloudplatformprojects.readonly","https://www.googleapis.com/auth/firebase","https://www.googleapis.com/auth/cloud-platform"]
[debug] [2023-03-13T21:33:58.367Z] > authorizing via signed-in user (pablopanariti@gmail.com)
[info] 
     ######## #### ########  ######## ########     ###     ######  ########
     ##        ##  ##     ## ##       ##     ##  ##   ##  ##       ##
     ######    ##  ########  ######   ########  #########  ######  ######
     ##        ##  ##    ##  ##       ##     ## ##     ##       ## ##
     ##       #### ##     ## ######## ########  ##     ##  ######  ########

You're about to initialize a Firebase project in this directory:

  /Users/pablo/Desktop/spablofy

[info] 
=== Project Setup
[info] 
[info] First, let's associate this project directory with a Firebase project.
[info] You can create multiple project aliases by running firebase use --add, 
[info] but for now we'll just set up a default project.
[info] 
[debug] [2023-03-13T21:37:39.177Z] >>> [apiv2][query] GET https://firebase.googleapis.com/v1beta1/projects pageSize=100
[debug] [2023-03-13T21:37:39.650Z] <<< [apiv2][status] GET https://firebase.googleapis.com/v1beta1/projects 200
[debug] [2023-03-13T21:37:39.650Z] <<< [apiv2][body] GET https://firebase.googleapis.com/v1beta1/projects [omitted]
